<?xml version="1.0" encoding="UTF-8"?>
<testng-results skipped="0" failed="1" ignored="2" total="5" passed="2">
  <reporter-output>
    <line>
      <![CDATA[Open URL : https://agents.nirvanatech.com/applications/list</br>]]>
    </line>
    <line>
      <![CDATA[Do login with valid email and password.</br>]]>
    </line>
    <line>
      <![CDATA[Entered Email: maurya.patel@kiwiqa.com</br>]]>
    </line>
    <line>
      <![CDATA[Entered Password: maurya</br>]]>
    </line>
    <line>
      <![CDATA[User Logged in succesfully. <Strong><font color=#008000>Pass</font></strong></br>]]>
    </line>
    <line>
      <![CDATA[Open URL : https://agents.nirvanatech.com/applications/list</br>]]>
    </line>
    <line>
      <![CDATA[Click on + New Application Button</br>]]>
    </line>
    <line>
      <![CDATA[Enter DOT Numbers</br>]]>
    </line>
    <line>
      <![CDATA[Entered DOT Number is 505638</br>]]>
    </line>
    <line>
      <![CDATA[Select Yes or No for insured's eligibility</br>]]>
    </line>
    <line>
      <![CDATA[Click on continue button</br>]]>
    </line>
    <line>
      <![CDATA[Geting ApplicationId value. </br>]]>
    </line>
    <line>
      <![CDATA[Select coverage requested.</br>]]>
    </line>
    <line>
      <![CDATA[Selected value is Auto Liability</br>]]>
    </line>
    <line>
      <![CDATA[Select producer.</br>]]>
    </line>
    <line>
      <![CDATA[Selected value is Jigish Trivedi</br>]]>
    </line>
    <line>
      <![CDATA[Click on refresh projected number of power units. </br>]]>
    </line>
    <line>
      <![CDATA[Click on refresh projected mileage. </br>]]>
    </line>
    <line>
      <![CDATA[Enter Radius of operation. </br>]]>
    </line>
    <line>
      <![CDATA[Entered value in 0-50 miles </br>]]>
    </line>
    <line>
      <![CDATA[Value entered is 0-50 miles : 50</br>]]>
    </line>
    <line>
      <![CDATA[Entered value in 51-200 miles </br>]]>
    </line>
    <line>
      <![CDATA[Value entered is 51-200 miles :50</br>]]>
    </line>
    <line>
      <![CDATA[Total value is : 100%</br>]]>
    </line>
    <line>
      <![CDATA[Click on the upload button in the equipment list </br>]]>
    </line>
    <line>
      <![CDATA[Click on the procced button </br>]]>
    </line>
    <line>
      <![CDATA[Click on the upload data from file button in the upload equipment list </br>]]>
    </line>
    <line>
      <![CDATA[Select sheets and click on continue button. </br>]]>
    </line>
    <line>
      <![CDATA[Select row contain column headers?. </br>]]>
    </line>
    <line>
      <![CDATA[Click on review button. </br>]]>
    </line>
    <line>
      <![CDATA[Click on continue button. </br>]]>
    </line>
    <line>
      <![CDATA[Click on continue button on next page. </br>]]>
    </line>
    <line>
      <![CDATA[Click on the equipment list to download the uploaded file. </br>]]>
    </line>
    <line>
      <![CDATA[Verifying Document Summary. </br>]]>
    </line>
    <line>
      <![CDATA[File loaded successfully and Document Summary is also visible <Strong><font color=#008000>Pass</font></strong></br>]]>
    </line>
    <line>
      <![CDATA[Click on proceed button on operations page. </br>]]>
    </line>
    <line>
      <![CDATA[Select Operating class distribution</br>]]>
    </line>
    <line>
      <![CDATA[Enter value in Dry Van</br>]]>
    </line>
    <line>
      <![CDATA[Value is 50</br>]]>
    </line>
    <line>
      <![CDATA[Enter value in Refrigerated </br>]]>
    </line>
    <line>
      <![CDATA[Value is 50</br>]]>
    </line>
    <line>
      <![CDATA[Total value is : 100%</br>]]>
    </line>
    <line>
      <![CDATA[Select value in Primary Commodity </br>]]>
    </line>
    <line>
      <![CDATA[Selceted Value is Mail USPS</br>]]>
    </line>
    <line>
      <![CDATA[Click on proceed > button on Classes & Commodities page. </br>]]>
    </line>
    <line>
      <![CDATA[Enter auto liability summary. </br>]]>
    </line>
    <line>
      <![CDATA[Click on proceed > button on Loss History page. </br>]]>
    </line>
    <line>
      <![CDATA[Select value in deductibles for auto liability. </br>]]>
    </line>
    <line>
      <![CDATA[Selceted Value is $2,500</br>]]>
    </line>
    <line>
      <![CDATA[Verifying plans amount in incremental order. </br>]]>
    </line>
    <line>
      <![CDATA[Plans amount is in proper incremental order  <Strong><font color=#008000>Pass</font></strong></br>]]>
    </line>
    <line>
      <![CDATA[Select value in auto liability. </br>]]>
    </line>
    <line>
      <![CDATA[Selceted Value is Basic</br>]]>
    </line>
    <line>
      <![CDATA[Click on the procced button </br>]]>
    </line>
    <line>
      <![CDATA[Connecting ELD/Telematics data so the insured may be eligible for up to 20% discount. </br>]]>
    </line>
    <line>
      <![CDATA[Connect ELD/Telematics to generate link. </br>]]>
    </line>
    <line>
      <![CDATA[Selceted Value is John Doe</br>]]>
    </line>
    <line>
      <![CDATA[Generated link is : https://agents.nirvanatech.com/telematics/connect?token=c789ab64-8234-4bdf-8225-96766e393022</br>]]>
    </line>
    <line>
      <![CDATA[Click on close. </br>]]>
    </line>
    <line>
      <![CDATA[Verifying Link Generated. </br>]]>
    </line>
    <line>
      <![CDATA[Link Generated successfully <Strong><font color=#008000>Pass</font></strong></br>]]>
    </line>
    <line>
      <![CDATA[Click on the upload button in drivers list. </br>]]>
    </line>
    <line>
      <![CDATA[Click on the upload data from file button in the upload equipment list </br>]]>
    </line>
    <line>
      <![CDATA[Select sheets and click on continue button. </br>]]>
    </line>
    <line>
      <![CDATA[Select row contain column headers?. </br>]]>
    </line>
    <line>
      <![CDATA[Click on review button. </br>]]>
    </line>
    <line>
      <![CDATA[Click on continue button. </br>]]>
    </line>
    <line>
      <![CDATA[Click on Yes button on next page. </br>]]>
    </line>
    <line>
      <![CDATA[Click on the Drivers list to download the uploaded file. </br>]]>
    </line>
    <line>
      <![CDATA[Verifying Document Summary. </br>]]>
    </line>
    <line>
      <![CDATA[File loaded successfully and Document Summary is also visible <Strong><font color=#008000>Pass</font></strong></br>]]>
    </line>
    <line>
      <![CDATA[Enter number of units in the fleet are the owner operator. </br>]]>
    </line>
    <line>
      <![CDATA[Value is 1</br>]]>
    </line>
    <line>
      <![CDATA[Select if any of these operations or commodities apply. </br>]]>
    </line>
    <line>
      <![CDATA[Value is true</br>]]>
    </line>
    <line>
      <![CDATA[Value is true</br>]]>
    </line>
    <line>
      <![CDATA[Click on the upload button in loss runs </br>]]>
    </line>
    <line>
      <![CDATA[Clicking on browse button. </br>]]>
    </line>
    <line>
      <![CDATA[Enter large Losses. </br>]]>
    </line>
    <line>
      <![CDATA[Enter additional information. </br>]]>
    </line>
    <line>
      <![CDATA[Click on the procced button </br>]]>
    </line>
    <line>
      <![CDATA[Verifying Review Page. </br>]]>
    </line>
    <line>
      <![CDATA[Review page loaded succesfully and all five fields are editable.  <Strong><font color=#008000>Pass</font></strong></br>]]>
    </line>
    <line>
      <![CDATA[Click on the submit button </br>]]>
    </line>
    <line>
      <![CDATA[Verifying submition page. </br>]]>
    </line>
    <line>
      <![CDATA[Submit page loaded succesfully and application is submited.  <Strong><font color=#008000>Pass</font></strong></br>]]>
    </line>
    <line>
      <![CDATA[Click on the back to home button </br>]]>
    </line>
    <line>
      <![CDATA[Searching given application id.</br>]]>
    </line>
    <line>
      <![CDATA[Verifying newly created application. </br>]]>
    </line>
    <line>
      <![CDATA[Application not created. <Strong><font color=#FF0000>Fail</font></strong> -> Please look to the screenshot :- <a href='../test-output/screenshots/20220406164042572.png' target='_new'>20220406164042572.png</a></br>]]>
    </line>
    <line>
      <![CDATA[Please look to the screenshot :- <a href='../test-output/screenshots/2022040616404302.png' target='_new'>2022040616404302.png</a></br>]]>
    </line>
    <line>
      <![CDATA[Click on logout.</br>]]>
    </line>
  </reporter-output>
  <suite name="Smoke" duration-ms="338924" started-at="2022-04-06T11:05:09Z" finished-at="2022-04-06T11:10:48Z">
    <groups>
    </groups>
    <test name="Login_Do Login" duration-ms="5106" started-at="2022-04-06T11:05:09Z" finished-at="2022-04-06T11:05:14Z">
      <class name="com.Nirvana.Login.LoginIndex">
        <test-method status="PASS" signature="fetchSuiteConfiguration(org.testng.ITestContext)[pri:0, instance:com.Nirvana.Login.LoginIndex@5ae63ade]" name="fetchSuiteConfiguration" is-config="true" duration-ms="0" started-at="2022-04-06T16:35:09Z" finished-at="2022-04-06T16:35:09Z">
          <params>
            <param index="0">
              <value>
                <![CDATA[org.testng.TestRunner@7e809b79]]>
              </value>
            </param>
          </params>
          <reporter-output>
          </reporter-output>
        </test-method> <!-- fetchSuiteConfiguration -->
        <test-method status="PASS" signature="setUp(java.lang.reflect.Method, org.testng.ITestContext, org.testng.ITestResult)[pri:0, instance:com.Nirvana.Login.LoginIndex@5ae63ade]" name="setUp" is-config="true" duration-ms="495" started-at="2022-04-06T16:35:09Z" finished-at="2022-04-06T16:35:09Z">
          <params>
            <param index="0">
              <value>
                <![CDATA[public void com.Nirvana.Login.LoginIndex.login(java.lang.String,java.lang.String) throws java.io.IOException]]>
              </value>
            </param>
            <param index="1">
              <value>
                <![CDATA[org.testng.TestRunner@7e809b79]]>
              </value>
            </param>
            <param index="2">
              <value>
                <![CDATA[[TestResult name=login status=SUCCESS method=LoginIndex.login(java.lang.String, java.lang.String)[pri:0, instance:com.Nirvana.Login.LoginIndex@5ae63ade] output=Open URL : https://agents.nirvanatech.com/applications/list</br>]]]>
              </value>
            </param>
          </params>
          <reporter-output>
          </reporter-output>
        </test-method> <!-- setUp -->
        <test-method status="PASS" signature="login(java.lang.String, java.lang.String)[pri:0, instance:com.Nirvana.Login.LoginIndex@5ae63ade]" name="login" duration-ms="4597" started-at="2022-04-06T16:35:09Z" finished-at="2022-04-06T16:35:14Z">
          <params>
            <param index="0">
              <value>
                <![CDATA[maurya.patel@kiwiqa.com]]>
              </value>
            </param>
            <param index="1">
              <value>
                <![CDATA[mauya]]>
              </value>
            </param>
          </params>
          <reporter-output>
            <line>
              <![CDATA[Open URL : https://agents.nirvanatech.com/applications/list</br>]]>
            </line>
            <line>
              <![CDATA[Do login with valid email and password.</br>]]>
            </line>
            <line>
              <![CDATA[Entered Email: maurya.patel@kiwiqa.com</br>]]>
            </line>
            <line>
              <![CDATA[Entered Password: maurya</br>]]>
            </line>
            <line>
              <![CDATA[User Logged in succesfully. <Strong><font color=#008000>Pass</font></strong></br>]]>
            </line>
          </reporter-output>
        </test-method> <!-- login -->
        <test-method status="PASS" signature="tearDown(org.testng.ITestResult, org.testng.ITestContext)[pri:0, instance:com.Nirvana.Login.LoginIndex@5ae63ade]" name="tearDown" is-config="true" duration-ms="1" started-at="2022-04-06T16:35:14Z" finished-at="2022-04-06T16:35:14Z">
          <params>
            <param index="0">
              <value>
                <![CDATA[[TestResult name=login status=SUCCESS method=LoginIndex.login(java.lang.String, java.lang.String)[pri:0, instance:com.Nirvana.Login.LoginIndex@5ae63ade] output=Open URL : https://agents.nirvanatech.com/applications/list</br>]]]>
              </value>
            </param>
            <param index="1">
              <value>
                <![CDATA[org.testng.TestRunner@7e809b79]]>
              </value>
            </param>
          </params>
          <reporter-output>
          </reporter-output>
        </test-method> <!-- tearDown -->
      </class> <!-- com.Nirvana.Login.LoginIndex -->
    </test> <!-- Login_Do Login -->
    <test name="ApplicationsList_Create New Application" duration-ms="328720" started-at="2022-04-06T11:05:14Z" finished-at="2022-04-06T11:10:43Z">
      <class name="com.Nirvana.ApplicationsList.ApplicationsListIndex">
        <test-method status="PASS" signature="fetchSuiteConfiguration(org.testng.ITestContext)[pri:0, instance:com.Nirvana.ApplicationsList.ApplicationsListIndex@5d76b067]" name="fetchSuiteConfiguration" is-config="true" duration-ms="1" started-at="2022-04-06T16:35:14Z" finished-at="2022-04-06T16:35:14Z">
          <params>
            <param index="0">
              <value>
                <![CDATA[org.testng.TestRunner@5927f904]]>
              </value>
            </param>
          </params>
          <reporter-output>
          </reporter-output>
        </test-method> <!-- fetchSuiteConfiguration -->
        <test-method status="PASS" signature="setUp(java.lang.reflect.Method, org.testng.ITestContext, org.testng.ITestResult)[pri:0, instance:com.Nirvana.ApplicationsList.ApplicationsListIndex@5d76b067]" name="setUp" is-config="true" duration-ms="670" started-at="2022-04-06T16:35:14Z" finished-at="2022-04-06T16:35:15Z">
          <params>
            <param index="0">
              <value>
                <![CDATA[public void com.Nirvana.ApplicationsList.ApplicationsListIndex.createApplication() throws java.io.IOException,java.awt.AWTException]]>
              </value>
            </param>
            <param index="1">
              <value>
                <![CDATA[org.testng.TestRunner@5927f904]]>
              </value>
            </param>
            <param index="2">
              <value>
                <![CDATA[[TestResult name=createApplication status=FAILURE method=ApplicationsListIndex.createApplication()[pri:0, instance:com.Nirvana.ApplicationsList.ApplicationsListIndex@5d76b067] output=Open URL : https://agents.nirvanatech.com/applications/list</br>]]]>
              </value>
            </param>
          </params>
          <reporter-output>
          </reporter-output>
        </test-method> <!-- setUp -->
        <test-method status="FAIL" signature="createApplication()[pri:0, instance:com.Nirvana.ApplicationsList.ApplicationsListIndex@5d76b067]" name="createApplication" duration-ms="327924" started-at="2022-04-06T16:35:15Z" finished-at="2022-04-06T16:40:43Z">
          <exception class="java.lang.AssertionError">
            <message>
              <![CDATA[expected [true] but found [false]]]>
            </message>
            <full-stacktrace>
              <![CDATA[java.lang.AssertionError: expected [true] but found [false]at org.testng.Assert.fail(Assert.java:96)at org.testng.Assert.failNotEquals(Assert.java:776)at org.testng.Assert.assertTrue(Assert.java:44)at org.testng.Assert.assertTrue(Assert.java:54)at com.Nirvana.ApplicationsList.ApplicationsListIndex.createApplication(ApplicationsListIndex.java:645)at sun.reflect.NativeMethodAccessorImpl.invoke0(Native Method)at sun.reflect.NativeMethodAccessorImpl.invoke(Unknown Source)at sun.reflect.DelegatingMethodAccessorImpl.invoke(Unknown Source)at java.lang.reflect.Method.invoke(Unknown Source)at org.testng.internal.MethodInvocationHelper.invokeMethod(MethodInvocationHelper.java:124)at org.testng.internal.Invoker.invokeMethod(Invoker.java:571)at org.testng.internal.Invoker.invokeTestMethod(Invoker.java:707)at org.testng.internal.Invoker.invokeTestMethods(Invoker.java:979)at org.testng.internal.TestMethodWorker.invokeTestMethods(TestMethodWorker.java:125)at org.testng.internal.TestMethodWorker.run(TestMethodWorker.java:109)at org.testng.TestRunner.privateRun(TestRunner.java:648)at org.testng.TestRunner.run(TestRunner.java:505)at org.testng.SuiteRunner.runTest(SuiteRunner.java:455)at org.testng.SuiteRunner.runSequentially(SuiteRunner.java:450)at org.testng.SuiteRunner.privateRun(SuiteRunner.java:415)at org.testng.SuiteRunner.run(SuiteRunner.java:364)at org.testng.SuiteRunnerWorker.runSuite(SuiteRunnerWorker.java:52)at org.testng.SuiteRunnerWorker.run(SuiteRunnerWorker.java:84)at org.testng.TestNG.runSuitesSequentially(TestNG.java:1187)at org.testng.TestNG.runSuitesLocally(TestNG.java:1116)at org.testng.TestNG.runSuites(TestNG.java:1028)at org.testng.TestNG.run(TestNG.java:996)at org.testng.remote.AbstractRemoteTestNG.run(AbstractRemoteTestNG.java:115)at org.testng.remote.RemoteTestNG.initAndRun(RemoteTestNG.java:251)at org.testng.remote.RemoteTestNG.main(RemoteTestNG.java:77)]]>
            </full-stacktrace>
          </exception> <!-- java.lang.AssertionError -->
          <reporter-output>
            <line>
              <![CDATA[Open URL : https://agents.nirvanatech.com/applications/list</br>]]>
            </line>
            <line>
              <![CDATA[Click on + New Application Button</br>]]>
            </line>
            <line>
              <![CDATA[Enter DOT Numbers</br>]]>
            </line>
            <line>
              <![CDATA[Entered DOT Number is 505638</br>]]>
            </line>
            <line>
              <![CDATA[Select Yes or No for insured's eligibility</br>]]>
            </line>
            <line>
              <![CDATA[Click on continue button</br>]]>
            </line>
            <line>
              <![CDATA[Geting ApplicationId value. </br>]]>
            </line>
            <line>
              <![CDATA[Select coverage requested.</br>]]>
            </line>
            <line>
              <![CDATA[Selected value is Auto Liability</br>]]>
            </line>
            <line>
              <![CDATA[Select producer.</br>]]>
            </line>
            <line>
              <![CDATA[Selected value is Jigish Trivedi</br>]]>
            </line>
            <line>
              <![CDATA[Click on refresh projected number of power units. </br>]]>
            </line>
            <line>
              <![CDATA[Click on refresh projected mileage. </br>]]>
            </line>
            <line>
              <![CDATA[Enter Radius of operation. </br>]]>
            </line>
            <line>
              <![CDATA[Entered value in 0-50 miles </br>]]>
            </line>
            <line>
              <![CDATA[Value entered is 0-50 miles : 50</br>]]>
            </line>
            <line>
              <![CDATA[Entered value in 51-200 miles </br>]]>
            </line>
            <line>
              <![CDATA[Value entered is 51-200 miles :50</br>]]>
            </line>
            <line>
              <![CDATA[Total value is : 100%</br>]]>
            </line>
            <line>
              <![CDATA[Click on the upload button in the equipment list </br>]]>
            </line>
            <line>
              <![CDATA[Click on the procced button </br>]]>
            </line>
            <line>
              <![CDATA[Click on the upload data from file button in the upload equipment list </br>]]>
            </line>
            <line>
              <![CDATA[Select sheets and click on continue button. </br>]]>
            </line>
            <line>
              <![CDATA[Select row contain column headers?. </br>]]>
            </line>
            <line>
              <![CDATA[Click on review button. </br>]]>
            </line>
            <line>
              <![CDATA[Click on continue button. </br>]]>
            </line>
            <line>
              <![CDATA[Click on continue button on next page. </br>]]>
            </line>
            <line>
              <![CDATA[Click on the equipment list to download the uploaded file. </br>]]>
            </line>
            <line>
              <![CDATA[Verifying Document Summary. </br>]]>
            </line>
            <line>
              <![CDATA[File loaded successfully and Document Summary is also visible <Strong><font color=#008000>Pass</font></strong></br>]]>
            </line>
            <line>
              <![CDATA[Click on proceed button on operations page. </br>]]>
            </line>
            <line>
              <![CDATA[Select Operating class distribution</br>]]>
            </line>
            <line>
              <![CDATA[Enter value in Dry Van</br>]]>
            </line>
            <line>
              <![CDATA[Value is 50</br>]]>
            </line>
            <line>
              <![CDATA[Enter value in Refrigerated </br>]]>
            </line>
            <line>
              <![CDATA[Value is 50</br>]]>
            </line>
            <line>
              <![CDATA[Total value is : 100%</br>]]>
            </line>
            <line>
              <![CDATA[Select value in Primary Commodity </br>]]>
            </line>
            <line>
              <![CDATA[Selceted Value is Mail USPS</br>]]>
            </line>
            <line>
              <![CDATA[Click on proceed > button on Classes & Commodities page. </br>]]>
            </line>
            <line>
              <![CDATA[Enter auto liability summary. </br>]]>
            </line>
            <line>
              <![CDATA[Click on proceed > button on Loss History page. </br>]]>
            </line>
            <line>
              <![CDATA[Select value in deductibles for auto liability. </br>]]>
            </line>
            <line>
              <![CDATA[Selceted Value is $2,500</br>]]>
            </line>
            <line>
              <![CDATA[Verifying plans amount in incremental order. </br>]]>
            </line>
            <line>
              <![CDATA[Plans amount is in proper incremental order  <Strong><font color=#008000>Pass</font></strong></br>]]>
            </line>
            <line>
              <![CDATA[Select value in auto liability. </br>]]>
            </line>
            <line>
              <![CDATA[Selceted Value is Basic</br>]]>
            </line>
            <line>
              <![CDATA[Click on the procced button </br>]]>
            </line>
            <line>
              <![CDATA[Connecting ELD/Telematics data so the insured may be eligible for up to 20% discount. </br>]]>
            </line>
            <line>
              <![CDATA[Connect ELD/Telematics to generate link. </br>]]>
            </line>
            <line>
              <![CDATA[Selceted Value is John Doe</br>]]>
            </line>
            <line>
              <![CDATA[Generated link is : https://agents.nirvanatech.com/telematics/connect?token=c789ab64-8234-4bdf-8225-96766e393022</br>]]>
            </line>
            <line>
              <![CDATA[Click on close. </br>]]>
            </line>
            <line>
              <![CDATA[Verifying Link Generated. </br>]]>
            </line>
            <line>
              <![CDATA[Link Generated successfully <Strong><font color=#008000>Pass</font></strong></br>]]>
            </line>
            <line>
              <![CDATA[Click on the upload button in drivers list. </br>]]>
            </line>
            <line>
              <![CDATA[Click on the upload data from file button in the upload equipment list </br>]]>
            </line>
            <line>
              <![CDATA[Select sheets and click on continue button. </br>]]>
            </line>
            <line>
              <![CDATA[Select row contain column headers?. </br>]]>
            </line>
            <line>
              <![CDATA[Click on review button. </br>]]>
            </line>
            <line>
              <![CDATA[Click on continue button. </br>]]>
            </line>
            <line>
              <![CDATA[Click on Yes button on next page. </br>]]>
            </line>
            <line>
              <![CDATA[Click on the Drivers list to download the uploaded file. </br>]]>
            </line>
            <line>
              <![CDATA[Verifying Document Summary. </br>]]>
            </line>
            <line>
              <![CDATA[File loaded successfully and Document Summary is also visible <Strong><font color=#008000>Pass</font></strong></br>]]>
            </line>
            <line>
              <![CDATA[Enter number of units in the fleet are the owner operator. </br>]]>
            </line>
            <line>
              <![CDATA[Value is 1</br>]]>
            </line>
            <line>
              <![CDATA[Select if any of these operations or commodities apply. </br>]]>
            </line>
            <line>
              <![CDATA[Value is true</br>]]>
            </line>
            <line>
              <![CDATA[Value is true</br>]]>
            </line>
            <line>
              <![CDATA[Click on the upload button in loss runs </br>]]>
            </line>
            <line>
              <![CDATA[Clicking on browse button. </br>]]>
            </line>
            <line>
              <![CDATA[Enter large Losses. </br>]]>
            </line>
            <line>
              <![CDATA[Enter additional information. </br>]]>
            </line>
            <line>
              <![CDATA[Click on the procced button </br>]]>
            </line>
            <line>
              <![CDATA[Verifying Review Page. </br>]]>
            </line>
            <line>
              <![CDATA[Review page loaded succesfully and all five fields are editable.  <Strong><font color=#008000>Pass</font></strong></br>]]>
            </line>
            <line>
              <![CDATA[Click on the submit button </br>]]>
            </line>
            <line>
              <![CDATA[Verifying submition page. </br>]]>
            </line>
            <line>
              <![CDATA[Submit page loaded succesfully and application is submited.  <Strong><font color=#008000>Pass</font></strong></br>]]>
            </line>
            <line>
              <![CDATA[Click on the back to home button </br>]]>
            </line>
            <line>
              <![CDATA[Searching given application id.</br>]]>
            </line>
            <line>
              <![CDATA[Verifying newly created application. </br>]]>
            </line>
            <line>
              <![CDATA[Application not created. <Strong><font color=#FF0000>Fail</font></strong> -> Please look to the screenshot :- <a href='../test-output/screenshots/20220406164042572.png' target='_new'>20220406164042572.png</a></br>]]>
            </line>
            <line>
              <![CDATA[Please look to the screenshot :- <a href='../test-output/screenshots/2022040616404302.png' target='_new'>2022040616404302.png</a></br>]]>
            </line>
          </reporter-output>
        </test-method> <!-- createApplication -->
        <test-method status="PASS" signature="tearDown(org.testng.ITestResult, org.testng.ITestContext)[pri:0, instance:com.Nirvana.ApplicationsList.ApplicationsListIndex@5d76b067]" name="tearDown" is-config="true" duration-ms="123" started-at="2022-04-06T16:40:43Z" finished-at="2022-04-06T16:40:43Z">
          <params>
            <param index="0">
              <value>
                <![CDATA[[TestResult name=createApplication status=FAILURE method=ApplicationsListIndex.createApplication()[pri:0, instance:com.Nirvana.ApplicationsList.ApplicationsListIndex@5d76b067] output=Open URL : https://agents.nirvanatech.com/applications/list</br>]]]>
              </value>
            </param>
            <param index="1">
              <value>
                <![CDATA[org.testng.TestRunner@5927f904]]>
              </value>
            </param>
          </params>
          <reporter-output>
          </reporter-output>
        </test-method> <!-- tearDown -->
      </class> <!-- com.Nirvana.ApplicationsList.ApplicationsListIndex -->
    </test> <!-- ApplicationsList_Create New Application -->
    <test name="Login_Do Logout" duration-ms="5079" started-at="2022-04-06T11:10:43Z" finished-at="2022-04-06T11:10:48Z">
      <class name="com.Nirvana.Login.LoginIndex">
        <test-method status="PASS" signature="fetchSuite(org.testng.ITestContext)[pri:0, instance:com.Nirvana.Login.LoginIndex@694e1548]" name="fetchSuite" is-config="true" duration-ms="6042" started-at="2022-04-06T16:35:03Z" finished-at="2022-04-06T16:35:09Z">
          <params>
            <param index="0">
              <value>
                <![CDATA[org.testng.TestRunner@3830f918]]>
              </value>
            </param>
          </params>
          <reporter-output>
          </reporter-output>
        </test-method> <!-- fetchSuite -->
        <test-method status="PASS" signature="fetchSuiteConfiguration(org.testng.ITestContext)[pri:0, instance:com.Nirvana.Login.LoginIndex@694e1548]" name="fetchSuiteConfiguration" is-config="true" duration-ms="0" started-at="2022-04-06T16:40:43Z" finished-at="2022-04-06T16:40:43Z">
          <params>
            <param index="0">
              <value>
                <![CDATA[org.testng.TestRunner@3830f918]]>
              </value>
            </param>
          </params>
          <reporter-output>
          </reporter-output>
        </test-method> <!-- fetchSuiteConfiguration -->
        <test-method status="PASS" signature="setUp(java.lang.reflect.Method, org.testng.ITestContext, org.testng.ITestResult)[pri:0, instance:com.Nirvana.Login.LoginIndex@694e1548]" name="setUp" is-config="true" duration-ms="448" started-at="2022-04-06T16:40:43Z" finished-at="2022-04-06T16:40:43Z">
          <params>
            <param index="0">
              <value>
                <![CDATA[public void com.Nirvana.Login.LoginIndex.logout() throws java.io.IOException]]>
              </value>
            </param>
            <param index="1">
              <value>
                <![CDATA[org.testng.TestRunner@3830f918]]>
              </value>
            </param>
            <param index="2">
              <value>
                <![CDATA[[TestResult name=logout status=SUCCESS method=LoginIndex.logout()[pri:0, instance:com.Nirvana.Login.LoginIndex@694e1548] output=Click on logout.</br>]]]>
              </value>
            </param>
          </params>
          <reporter-output>
          </reporter-output>
        </test-method> <!-- setUp -->
        <test-method status="PASS" signature="logout()[pri:0, instance:com.Nirvana.Login.LoginIndex@694e1548]" name="logout" duration-ms="4629" started-at="2022-04-06T16:40:43Z" finished-at="2022-04-06T16:40:48Z">
          <reporter-output>
            <line>
              <![CDATA[Click on logout.</br>]]>
            </line>
          </reporter-output>
        </test-method> <!-- logout -->
        <test-method status="PASS" signature="tearDown(org.testng.ITestResult, org.testng.ITestContext)[pri:0, instance:com.Nirvana.Login.LoginIndex@694e1548]" name="tearDown" is-config="true" duration-ms="0" started-at="2022-04-06T16:40:48Z" finished-at="2022-04-06T16:40:48Z">
          <params>
            <param index="0">
              <value>
                <![CDATA[[TestResult name=logout status=SUCCESS method=LoginIndex.logout()[pri:0, instance:com.Nirvana.Login.LoginIndex@694e1548] output=Click on logout.</br>]]]>
              </value>
            </param>
            <param index="1">
              <value>
                <![CDATA[org.testng.TestRunner@3830f918]]>
              </value>
            </param>
          </params>
          <reporter-output>
          </reporter-output>
        </test-method> <!-- tearDown -->
        <test-method status="PASS" signature="postConfigue()[pri:0, instance:com.Nirvana.Login.LoginIndex@694e1548]" name="postConfigue" is-config="true" duration-ms="4184" started-at="2022-04-06T16:40:48Z" finished-at="2022-04-06T16:40:52Z">
          <reporter-output>
          </reporter-output>
        </test-method> <!-- postConfigue -->
      </class> <!-- com.Nirvana.Login.LoginIndex -->
    </test> <!-- Login_Do Logout -->
  </suite> <!-- Smoke -->
</testng-results>
